C:\Users\Bosnic Lovro\source\repos\ContactList\ContactList\dist\out-tsc\environments\environment.js
C:\Users\Bosnic Lovro\source\repos\ContactList\ContactList\dist\out-tsc\environments\environment.js.map
C:\Users\Bosnic Lovro\source\repos\ContactList\ContactList\dist\out-tsc\app\app.component.js
C:\Users\Bosnic Lovro\source\repos\ContactList\ContactList\dist\out-tsc\app\app.component.js.map
C:\Users\Bosnic Lovro\source\repos\ContactList\ContactList\dist\out-tsc\app\data.js
C:\Users\Bosnic Lovro\source\repos\ContactList\ContactList\dist\out-tsc\app\data.js.map
C:\Users\Bosnic Lovro\source\repos\ContactList\ContactList\dist\out-tsc\app\pass-contact.service.js
C:\Users\Bosnic Lovro\source\repos\ContactList\ContactList\dist\out-tsc\app\pass-contact.service.js.map
C:\Users\Bosnic Lovro\source\repos\ContactList\ContactList\dist\out-tsc\app\contact\contact.component.js
C:\Users\Bosnic Lovro\source\repos\ContactList\ContactList\dist\out-tsc\app\contact\contact.component.js.map
C:\Users\Bosnic Lovro\source\repos\ContactList\ContactList\dist\out-tsc\app\routing\routing.module.js
C:\Users\Bosnic Lovro\source\repos\ContactList\ContactList\dist\out-tsc\app\routing\routing.module.js.map
C:\Users\Bosnic Lovro\source\repos\ContactList\ContactList\dist\out-tsc\app\list\list.component.js
C:\Users\Bosnic Lovro\source\repos\ContactList\ContactList\dist\out-tsc\app\list\list.component.js.map
C:\Users\Bosnic Lovro\source\repos\ContactList\ContactList\dist\out-tsc\app\app.module.js
C:\Users\Bosnic Lovro\source\repos\ContactList\ContactList\dist\out-tsc\app\app.module.js.map
C:\Users\Bosnic Lovro\source\repos\ContactList\ContactList\dist\out-tsc\main.js
C:\Users\Bosnic Lovro\source\repos\ContactList\ContactList\dist\out-tsc\main.js.map
C:\Users\Bosnic Lovro\source\repos\ContactList\ContactList\dist\out-tsc\polyfills.js
C:\Users\Bosnic Lovro\source\repos\ContactList\ContactList\dist\out-tsc\polyfills.js.map
C:\Users\Bosnic Lovro\source\repos\ContactList\ContactList\dist\out-tsc\test.js
C:\Users\Bosnic Lovro\source\repos\ContactList\ContactList\dist\out-tsc\test.js.map
C:\Users\Bosnic Lovro\source\repos\ContactList\ContactList\dist\out-tsc\app\app.component.spec.js
C:\Users\Bosnic Lovro\source\repos\ContactList\ContactList\dist\out-tsc\app\app.component.spec.js.map
C:\Users\Bosnic Lovro\source\repos\ContactList\ContactList\dist\out-tsc\app\pass-contact.service.spec.js
C:\Users\Bosnic Lovro\source\repos\ContactList\ContactList\dist\out-tsc\app\pass-contact.service.spec.js.map
C:\Users\Bosnic Lovro\source\repos\ContactList\ContactList\dist\out-tsc\app\contact\contact.component.spec.js
C:\Users\Bosnic Lovro\source\repos\ContactList\ContactList\dist\out-tsc\app\contact\contact.component.spec.js.map
C:\Users\Bosnic Lovro\source\repos\ContactList\ContactList\dist\out-tsc\app\list\list.component.spec.js
C:\Users\Bosnic Lovro\source\repos\ContactList\ContactList\dist\out-tsc\app\list\list.component.spec.js.map
C:\Users\Bosnic Lovro\source\repos\ContactList\ContactList\dist\out-tsc\environments\environment.prod.js
C:\Users\Bosnic Lovro\source\repos\ContactList\ContactList\dist\out-tsc\environments\environment.prod.js.map
